<?xml version="1.0" encoding="UTF-8"?>
<testsuites name="bun test" tests="1" assertions="0" failures="1" skipped="0" time="0.156603">
  <testsuite name="save_memory.eval.ts" file="save_memory.eval.ts" tests="1" assertions="0" failures="1" skipped="0" time="0" hostname="Andrews-MacBook-Pro.local">
    <testsuite name="save_memory" file="save_memory.eval.ts" line="14" tests="1" assertions="0" failures="1" skipped="0" time="0.009" hostname="Andrews-MacBook-Pro.local">
      <testcase name="should be able to save to memory" classname="save_memory" time="0.009433" file="save_memory.eval.ts" line="115" assertions="0">
        <failure type="AssertionError" />
      </testcase>
    </testsuite>
  </testsuite>
</testsuites>
